Traceback (most recent call last):
  File "/Library/Frameworks/Python.framework/Versions/3.12/lib/python3.12/site-packages/jupyter_cache/executors/utils.py", line 58, in single_nb_execution
    executenb(
  File "/Library/Frameworks/Python.framework/Versions/3.12/lib/python3.12/site-packages/nbclient/client.py", line 1305, in execute
    return NotebookClient(nb=nb, resources=resources, km=km, **kwargs).execute()
           ^^^^^^^^^^^^^^^^^^^^^^^^^^^^^^^^^^^^^^^^^^^^^^^^^^^^^^^^^^^^^^^^^^^^^
  File "/Library/Frameworks/Python.framework/Versions/3.12/lib/python3.12/site-packages/jupyter_core/utils/__init__.py", line 173, in wrapped
    return loop.run_until_complete(inner)
           ^^^^^^^^^^^^^^^^^^^^^^^^^^^^^^
  File "/Library/Frameworks/Python.framework/Versions/3.12/lib/python3.12/asyncio/base_events.py", line 664, in run_until_complete
    return future.result()
           ^^^^^^^^^^^^^^^
  File "/Library/Frameworks/Python.framework/Versions/3.12/lib/python3.12/site-packages/nbclient/client.py", line 705, in async_execute
    await self.async_execute_cell(
  File "/Library/Frameworks/Python.framework/Versions/3.12/lib/python3.12/site-packages/nbclient/client.py", line 1058, in async_execute_cell
    await self._check_raise_for_error(cell, cell_index, exec_reply)
  File "/Library/Frameworks/Python.framework/Versions/3.12/lib/python3.12/site-packages/nbclient/client.py", line 914, in _check_raise_for_error
    raise CellExecutionError.from_cell_and_msg(cell, exec_reply_content)
nbclient.exceptions.CellExecutionError: An error occurred while executing the following cell:
------------------
ticker_1 = 'TSLA'
ticker_2 = 'GM'

company_1 = yf.Ticker(ticker_1)
company_2 = yf.Ticker(ticker_2)

balance_sheet_1 = company_1.balance_sheet
balance_sheet_2 = company_2.balance_sheet

balance_sheet_1 = balance_sheet_1.T
balance_sheet_2 = balance_sheet_2.T

comparison_criteria = ['Total Assets', 'Total Liabilities Net Minority Interest', 'Stockholders Equity']

print(f"Balance Sheet for {ticker_1}:")
print(balance_sheet_1[comparison_criteria])

print(f"\nBalance Sheet for {ticker_2}:")
print(balance_sheet_2[comparison_criteria])

if balance_sheet_1['Total Assets'].iloc[0] > balance_sheet_2['Total Assets'].iloc[0]:
    print(f"\nBased on Total Assets, {ticker_1} is a better investment.")
else:
    print(f"\nBased on Total Assets, {ticker_2} is a better investment.")


------------------

----- stdout -----
Balance Sheet for TSLA:
------------------

[0;31m---------------------------------------------------------------------------[0m
[0;31mKeyError[0m                                  Traceback (most recent call last)
Cell [0;32mIn[10], line 16[0m
[1;32m     13[0m comparison_criteria [38;5;241m=[39m [[38;5;124m'[39m[38;5;124mTotal Assets[39m[38;5;124m'[39m, [38;5;124m'[39m[38;5;124mTotal Liabilities Net Minority Interest[39m[38;5;124m'[39m, [38;5;124m'[39m[38;5;124mStockholders Equity[39m[38;5;124m'[39m]
[1;32m     15[0m [38;5;28mprint[39m([38;5;124mf[39m[38;5;124m"[39m[38;5;124mBalance Sheet for [39m[38;5;132;01m{[39;00mticker_1[38;5;132;01m}[39;00m[38;5;124m:[39m[38;5;124m"[39m)
[0;32m---> 16[0m [38;5;28mprint[39m([43mbalance_sheet_1[49m[43m[[49m[43mcomparison_criteria[49m[43m][49m)
[1;32m     18[0m [38;5;28mprint[39m([38;5;124mf[39m[38;5;124m"[39m[38;5;130;01m\n[39;00m[38;5;124mBalance Sheet for [39m[38;5;132;01m{[39;00mticker_2[38;5;132;01m}[39;00m[38;5;124m:[39m[38;5;124m"[39m)
[1;32m     19[0m [38;5;28mprint[39m(balance_sheet_2[comparison_criteria])

File [0;32m/Library/Frameworks/Python.framework/Versions/3.12/lib/python3.12/site-packages/pandas/core/frame.py:4108[0m, in [0;36mDataFrame.__getitem__[0;34m(self, key)[0m
[1;32m   4106[0m     [38;5;28;01mif[39;00m is_iterator(key):
[1;32m   4107[0m         key [38;5;241m=[39m [38;5;28mlist[39m(key)
[0;32m-> 4108[0m     indexer [38;5;241m=[39m [38;5;28;43mself[39;49m[38;5;241;43m.[39;49m[43mcolumns[49m[38;5;241;43m.[39;49m[43m_get_indexer_strict[49m[43m([49m[43mkey[49m[43m,[49m[43m [49m[38;5;124;43m"[39;49m[38;5;124;43mcolumns[39;49m[38;5;124;43m"[39;49m[43m)[49m[[38;5;241m1[39m]
[1;32m   4110[0m [38;5;66;03m# take() does not accept boolean indexers[39;00m
[1;32m   4111[0m [38;5;28;01mif[39;00m [38;5;28mgetattr[39m(indexer, [38;5;124m"[39m[38;5;124mdtype[39m[38;5;124m"[39m, [38;5;28;01mNone[39;00m) [38;5;241m==[39m [38;5;28mbool[39m:

File [0;32m/Library/Frameworks/Python.framework/Versions/3.12/lib/python3.12/site-packages/pandas/core/indexes/base.py:6200[0m, in [0;36mIndex._get_indexer_strict[0;34m(self, key, axis_name)[0m
[1;32m   6197[0m [38;5;28;01melse[39;00m:
[1;32m   6198[0m     keyarr, indexer, new_indexer [38;5;241m=[39m [38;5;28mself[39m[38;5;241m.[39m_reindex_non_unique(keyarr)
[0;32m-> 6200[0m [38;5;28;43mself[39;49m[38;5;241;43m.[39;49m[43m_raise_if_missing[49m[43m([49m[43mkeyarr[49m[43m,[49m[43m [49m[43mindexer[49m[43m,[49m[43m [49m[43maxis_name[49m[43m)[49m
[1;32m   6202[0m keyarr [38;5;241m=[39m [38;5;28mself[39m[38;5;241m.[39mtake(indexer)
[1;32m   6203[0m [38;5;28;01mif[39;00m [38;5;28misinstance[39m(key, Index):
[1;32m   6204[0m     [38;5;66;03m# GH 42790 - Preserve name from an Index[39;00m

File [0;32m/Library/Frameworks/Python.framework/Versions/3.12/lib/python3.12/site-packages/pandas/core/indexes/base.py:6249[0m, in [0;36mIndex._raise_if_missing[0;34m(self, key, indexer, axis_name)[0m
[1;32m   6247[0m [38;5;28;01mif[39;00m nmissing:
[1;32m   6248[0m     [38;5;28;01mif[39;00m nmissing [38;5;241m==[39m [38;5;28mlen[39m(indexer):
[0;32m-> 6249[0m         [38;5;28;01mraise[39;00m [38;5;167;01mKeyError[39;00m([38;5;124mf[39m[38;5;124m"[39m[38;5;124mNone of [[39m[38;5;132;01m{[39;00mkey[38;5;132;01m}[39;00m[38;5;124m] are in the [[39m[38;5;132;01m{[39;00maxis_name[38;5;132;01m}[39;00m[38;5;124m][39m[38;5;124m"[39m)
[1;32m   6251[0m     not_found [38;5;241m=[39m [38;5;28mlist[39m(ensure_index(key)[missing_mask[38;5;241m.[39mnonzero()[[38;5;241m0[39m]][38;5;241m.[39munique())
[1;32m   6252[0m     [38;5;28;01mraise[39;00m [38;5;167;01mKeyError[39;00m([38;5;124mf[39m[38;5;124m"[39m[38;5;132;01m{[39;00mnot_found[38;5;132;01m}[39;00m[38;5;124m not in index[39m[38;5;124m"[39m)

[0;31mKeyError[0m: "None of [Index(['Total Assets', 'Total Liabilities Net Minority Interest',\n       'Stockholders Equity'],\n      dtype='object')] are in the [columns]"

